<?xml version="1.0" encoding="UTF-8"?>
<testng-results ignored="0" total="1" passed="1" failed="0" skipped="0">
  <reporter-output>
  </reporter-output>
  <suite started-at="2023-07-12T12:15:06 IST" name="Suite" finished-at="2023-07-12T12:15:22 IST" duration-ms="16059">
    <groups>
    </groups>
    <test started-at="2023-07-12T12:15:06 IST" name="class2.xml" finished-at="2023-07-12T12:15:22 IST" duration-ms="16059">
      <class name="sample.Class2">
        <test-method is-config="true" signature="startup()[pri:0, instance:sample.Class2@7526515b]" started-at="2023-07-12T12:15:06 IST" name="startup" finished-at="2023-07-12T12:15:20 IST" duration-ms="14440" status="PASS">
          <reporter-output>
          </reporter-output>
        </test-method> <!-- startup -->
        <test-method signature="search()[pri:0, instance:sample.Class2@7526515b]" started-at="2023-07-12T12:15:20 IST" name="search" finished-at="2023-07-12T12:15:21 IST" duration-ms="1067" status="PASS">
          <reporter-output>
          </reporter-output>
        </test-method> <!-- search -->
        <test-method is-config="true" signature="shutdown()[pri:0, instance:sample.Class2@7526515b]" started-at="2023-07-12T12:15:21 IST" name="shutdown" finished-at="2023-07-12T12:15:22 IST" duration-ms="477" status="PASS">
          <reporter-output>
          </reporter-output>
        </test-method> <!-- shutdown -->
      </class> <!-- sample.Class2 -->
    </test> <!-- class2.xml -->
  </suite> <!-- Suite -->
</testng-results>
